2022:05:20 - 20:44:31.496 [main] ERROR at.fhj.msd.Main - It is an error logger.
2022:05:20 - 20:44:31.497 [main] INFO  at.fhj.msd.Main - It is a info logger.
2022:05:20 - 20:46:18.511 [main] ERROR at.fhj.msd.Main - It is an error logger.
2022:05:20 - 20:46:18.513 [main] INFO  at.fhj.msd.Main - It is a info logger.
2022:05:20 - 20:46:30.209 [main] DEBUG at.fhj.msd.Calculator - The parameters are: 3.0plus 2.0
2022:05:20 - 20:46:30.224 [main] DEBUG at.fhj.msd.Calculator - The parameters are: 12.0divided by 3.0
2022:05:20 - 20:46:30.237 [main] DEBUG at.fhj.msd.Calculator - The parameters are: 2.0divided by 0.0
2022:05:20 - 20:46:30.242 [main] ERROR at.fhj.msd.Calculator - 0.0 is not allowed to be 0
2022:05:20 - 20:46:30.247 [main] DEBUG at.fhj.msd.Calculator - Parameter is -5!
2022:05:20 - 20:46:30.253 [main] DEBUG at.fhj.msd.Calculator - Parameter is 6!
2022:05:20 - 20:46:30.256 [main] DEBUG at.fhj.msd.Calculator - Parameter is 8!
2022:05:20 - 20:46:30.261 [main] DEBUG at.fhj.msd.Calculator - The parameters are: 8.0minus 2.0
2022:05:20 - 20:46:30.271 [main] DEBUG at.fhj.msd.Calculator - The parameters are: 5.0multiplied with 4.0
2022:05:20 - 20:46:40.343 [main] DEBUG at.fhj.msd.Calculator - The parameters are: 3.0plus 2.0
2022:05:20 - 20:46:40.355 [main] DEBUG at.fhj.msd.Calculator - The parameters are: 12.0divided by 3.0
2022:05:20 - 20:46:40.365 [main] DEBUG at.fhj.msd.Calculator - The parameters are: 2.0divided by 0.0
2022:05:20 - 20:46:40.369 [main] ERROR at.fhj.msd.Calculator - 0.0 is not allowed to be 0
2022:05:20 - 20:46:40.375 [main] DEBUG at.fhj.msd.Calculator - Parameter is -5!
2022:05:20 - 20:46:40.384 [main] DEBUG at.fhj.msd.Calculator - Parameter is 6!
2022:05:20 - 20:46:40.399 [main] DEBUG at.fhj.msd.Calculator - Parameter is 8!
2022:05:20 - 20:46:40.404 [main] DEBUG at.fhj.msd.Calculator - The parameters are: 8.0minus 2.0
2022:05:20 - 20:46:40.411 [main] DEBUG at.fhj.msd.Calculator - The parameters are: 5.0multiplied with 4.0
2022:05:27 - 18:05:22.998 [main] DEBUG at.fhj.msd.Calculator - The parameters are: 3.0plus 2.0
2022:05:27 - 18:05:23.011 [main] DEBUG at.fhj.msd.Calculator - The parameters are: 12.0divided by 3.0
2022:05:27 - 18:05:23.020 [main] DEBUG at.fhj.msd.Calculator - The parameters are: 2.0divided by 0.0
2022:05:27 - 18:05:23.022 [main] ERROR at.fhj.msd.Calculator - 0.0 is not allowed to be 0
2022:05:27 - 18:05:23.025 [main] DEBUG at.fhj.msd.Calculator - Parameter is -5!
2022:05:27 - 18:05:23.030 [main] DEBUG at.fhj.msd.Calculator - Parameter is 6!
2022:05:27 - 18:05:23.033 [main] DEBUG at.fhj.msd.Calculator - Parameter is 8!
2022:05:27 - 18:05:23.038 [main] DEBUG at.fhj.msd.Calculator - The parameters are: 8.0minus 2.0
2022:05:27 - 18:05:23.052 [main] DEBUG at.fhj.msd.Calculator - The parameters are: 5.0multiplied with 4.0
